<?xml version="1.0" encoding="UTF-8"?>
<!-- Generated by org.testng.reporters.JUnitReportReporter -->
<testsuite hostname="DESKTOP-8UQ6LI6" failures="0" tests="1" name="com.testing.practice.ParameterTesng" time="0.008" errors="0" timestamp="2023-11-02T15:44:03 EDT" skipped="0">
  <testcase classname="com.testing.practice.ParameterTesng" name="practicParam" time="0.008"/>
</testsuite> <!-- com.testing.practice.ParameterTesng -->
