<?xml version="1.0" encoding="UTF-8"?>
<!-- Generated by org.testng.reporters.JUnitReportReporter -->
<testsuite hostname="DESKTOP-8UQ6LI6" failures="0" tests="1" name="com.testing.practice.CrossBrowserTestng" time="5.889" errors="0" timestamp="2023-11-02T14:52:12 EDT" skipped="0">
  <testcase classname="com.testing.practice.CrossBrowserTestng" name="crossBrowserCosto" time="5.889"/>
</testsuite> <!-- com.testing.practice.CrossBrowserTestng -->
