<?xml version="1.0" encoding="UTF-8"?>
<!-- Generated by org.testng.reporters.JUnitReportReporter -->
<testsuite hostname="DESKTOP-8UQ6LI6" failures="0" tests="1" name="com.testing.practice.PracticeTestngAnnotation" time="0.006" errors="0" timestamp="2023-10-27T01:13:54 EDT" skipped="0">
  <testcase classname="com.testing.practice.PracticeTestngAnnotation" name="test" time="0.006"/>
</testsuite> <!-- com.testing.practice.PracticeTestngAnnotation -->
