<?xml version="1.0" encoding="UTF-8"?>
<!-- Generated by org.testng.reporters.JUnitReportReporter -->
<testsuite hostname="DESKTOP-8UQ6LI6" failures="0" tests="1" name="com.testing.practice.SecondClass" time="29.058" errors="0" timestamp="2023-11-02T17:26:29 EDT" skipped="0">
  <testcase classname="com.testing.practice.SecondClass" name="getLogin" time="29.058"/>
</testsuite> <!-- com.testing.practice.SecondClass -->
