<?xml version="1.0" encoding="UTF-8"?>
<!-- Generated by org.testng.reporters.JUnitReportReporter -->
<testsuite hostname="DESKTOP-8UQ6LI6" failures="0" tests="1" name="com.testing.practice.FirstClass" time="12.229" errors="0" timestamp="2023-11-02T17:54:44 EDT" skipped="0">
  <testcase classname="com.testing.practice.FirstClass" name="getover" time="12.229"/>
</testsuite> <!-- com.testing.practice.FirstClass -->
