<?xml version="1.0" encoding="UTF-8"?>
<!-- Generated by org.testng.reporters.JUnitReportReporter -->
<testsuite hostname="DESKTOP-8UQ6LI6" failures="0" tests="2" name="com.testing.practice.PracticeTesngMethod" time="0.007" errors="0" timestamp="2023-11-02T15:05:39 EDT" skipped="0">
  <testcase classname="com.testing.practice.PracticeTesngMethod" name="login" time="0.005"/>
  <testcase classname="com.testing.practice.PracticeTesngMethod" name="cart" time="0.002"/>
</testsuite> <!-- com.testing.practice.PracticeTesngMethod -->
